{
  "RSpec": {
    "coverage": {
      "/Users/salmaanali/Projects/notes/app/controllers/home_controller.rb": {
        "lines": [
          1,
          1,
          null,
          1,
          null,
          null
        ]
      },
      "/Users/salmaanali/Projects/notes/app/controllers/application_controller.rb": {
        "lines": [
          1,
          null,
          1,
          null,
          1,
          null
        ]
      },
      "/Users/salmaanali/Projects/notes/app/controllers/notes_controller.rb": {
        "lines": [
          1,
          1,
          null,
          1,
          31,
          null,
          null,
          1,
          null,
          null,
          1,
          13,
          null,
          null,
          1,
          19,
          null,
          19,
          10,
          null,
          9,
          null,
          null,
          null,
          1,
          null,
          null,
          1,
          15,
          7,
          null,
          8,
          null,
          null,
          null,
          1,
          7,
          7,
          null,
          null,
          1,
          null,
          1,
          61,
          null,
          null,
          1,
          34,
          null,
          null
        ]
      },
      "/Users/salmaanali/Projects/notes/app/models/note.rb": {
        "lines": [
          1,
          1,
          null,
          1,
          1,
          null
        ]
      },
      "/Users/salmaanali/Projects/notes/app/models/application_record.rb": {
        "lines": [
          1,
          1,
          null
        ]
      },
      "/Users/salmaanali/Projects/notes/app/models/user.rb": {
        "lines": [
          1,
          null,
          null,
          1,
          null,
          null,
          1,
          null
        ]
      },
      "/Users/salmaanali/Projects/notes/app/helpers/application_helper.rb": {
        "lines": [
          0,
          0
        ],
        "branches": {}
      },
      "/Users/salmaanali/Projects/notes/app/helpers/home_helper.rb": {
        "lines": [
          0,
          0
        ],
        "branches": {}
      },
      "/Users/salmaanali/Projects/notes/app/helpers/notes_helper.rb": {
        "lines": [
          0,
          0
        ],
        "branches": {}
      },
      "/Users/salmaanali/Projects/notes/app/jobs/application_job.rb": {
        "lines": [
          0,
          null,
          null,
          null,
          null,
          null,
          0
        ],
        "branches": {}
      },
      "/Users/salmaanali/Projects/notes/app/mailers/application_mailer.rb": {
        "lines": [
          0,
          0,
          0,
          0
        ],
        "branches": {}
      }
    },
    "timestamp": 1753931216
  }
}
